{"/Users/bobi/Study/dsaa/src/index.ts": {"path":"/Users/bobi/Study/dsaa/src/index.ts","statementMap":{"0":{"start":{"line":2,"column":0},"end":{"line":2,"column":44}}},"fnMap":{},"branchMap":{},"s":{"0":1},"f":{},"b":{}}
,"/Users/bobi/Study/dsaa/src/data-structure/linked-list/index.ts": {"path":"/Users/bobi/Study/dsaa/src/data-structure/linked-list/index.ts","statementMap":{"0":{"start":{"line":1,"column":0},"end":{"line":1,"column":9}},"1":{"start":{"line":1,"column":9},"end":{"line":1,"column":57}},"2":{"start":{"line":2,"column":0},"end":{"line":2,"column":9}},"3":{"start":{"line":2,"column":9},"end":{"line":2,"column":25}},"4":{"start":{"line":2,"column":25},"end":{"line":2,"column":63}}},"fnMap":{},"branchMap":{},"s":{"0":1,"1":1,"2":1,"3":1,"4":1},"f":{},"b":{}}
,"/Users/bobi/Study/dsaa/src/data-structure/linked-list/linked-list-node.ts": {"path":"/Users/bobi/Study/dsaa/src/data-structure/linked-list/linked-list-node.ts","statementMap":{"0":{"start":{"line":3,"column":0},"end":{"line":3,"column":13}},"1":{"start":{"line":9,"column":26},"end":{"line":9,"column":48}},"2":{"start":{"line":9,"column":48},"end":{"line":9,"column":null}},"3":{"start":{"line":10,"column":4},"end":{"line":10,"column":null}},"4":{"start":{"line":11,"column":4},"end":{"line":11,"column":null}},"5":{"start":{"line":12,"column":4},"end":{"line":12,"column":null}},"6":{"start":{"line":14,"column":0},"end":{"line":14,"column":null}},"7":{"start":{"line":3,"column":13},"end":{"line":3,"column":27}},"8":{"start":{"line":16,"column":13},"end":{"line":16,"column":null}},"9":{"start":{"line":16,"column":73},"end":{"line":16,"column":null}}},"fnMap":{"0":{"name":"(anonymous_0)","decl":{"start":{"line":3,"column":0},"end":{"line":3,"column":13}},"loc":{"start":{"line":3,"column":0},"end":{"line":14,"column":null}}},"1":{"name":"LinkedListNode","decl":{"start":{"line":9,"column":2},"end":{"line":9,"column":14}},"loc":{"start":{"line":9,"column":67},"end":{"line":13,"column":3}}},"2":{"name":"(anonymous_2)","decl":{"start":{"line":16,"column":26},"end":{"line":16,"column":27}},"loc":{"start":{"line":16,"column":68},"end":{"line":16,"column":77}}}},"branchMap":{"0":{"loc":{"start":{"line":9,"column":26},"end":{"line":9,"column":48}},"type":"if","locations":[{"start":{"line":9,"column":26},"end":{"line":9,"column":48}},{"start":{"line":9,"column":26},"end":{"line":9,"column":48}}]},"1":{"loc":{"start":{"line":9,"column":48},"end":{"line":9,"column":null}},"type":"if","locations":[{"start":{"line":9,"column":48},"end":{"line":9,"column":null}},{"start":{"line":9,"column":48},"end":{"line":9,"column":null}}]}},"s":{"0":1,"1":179,"2":181,"3":91,"4":91,"5":91,"6":1,"7":1,"8":1,"9":91},"f":{"0":1,"1":91,"2":91},"b":{"0":[88,3],"1":[90,1]}}
,"/Users/bobi/Study/dsaa/src/data-structure/linked-list/one-way-linked-list.ts": {"path":"/Users/bobi/Study/dsaa/src/data-structure/linked-list/one-way-linked-list.ts","statementMap":{"0":{"start":{"line":1,"column":0},"end":{"line":1,"column":72}},"1":{"start":{"line":11,"column":19},"end":{"line":11,"column":40}},"2":{"start":{"line":11,"column":39},"end":{"line":11,"column":null}},"3":{"start":{"line":13,"column":0},"end":{"line":13,"column":13}},"4":{"start":{"line":20,"column":14},"end":{"line":20,"column":null}},"5":{"start":{"line":21,"column":4},"end":{"line":21,"column":null}},"6":{"start":{"line":22,"column":4},"end":{"line":22,"column":null}},"7":{"start":{"line":23,"column":4},"end":{"line":23,"column":null}},"8":{"start":{"line":24,"column":4},"end":{"line":24,"column":null}},"9":{"start":{"line":27,"column":2},"end":{"line":29,"column":null}},"10":{"start":{"line":28,"column":4},"end":{"line":28,"column":null}},"11":{"start":{"line":31,"column":2},"end":{"line":33,"column":null}},"12":{"start":{"line":32,"column":4},"end":{"line":32,"column":null}},"13":{"start":{"line":32,"column":41},"end":{"line":32,"column":47}},"14":{"start":{"line":35,"column":2},"end":{"line":45,"column":null}},"15":{"start":{"line":36,"column":34},"end":{"line":36,"column":36}},"16":{"start":{"line":37,"column":15},"end":{"line":37,"column":24}},"17":{"start":{"line":39,"column":4},"end":{"line":42,"column":null}},"18":{"start":{"line":40,"column":6},"end":{"line":40,"column":null}},"19":{"start":{"line":41,"column":6},"end":{"line":41,"column":null}},"20":{"start":{"line":44,"column":4},"end":{"line":44,"column":null}},"21":{"start":{"line":47,"column":2},"end":{"line":51,"column":null}},"22":{"start":{"line":47,"column":2},"end":{"line":47,"column":11}},"23":{"start":{"line":48,"column":4},"end":{"line":48,"column":null}},"24":{"start":{"line":48,"column":21},"end":{"line":48,"column":34}},"25":{"start":{"line":50,"column":4},"end":{"line":50,"column":null}},"26":{"start":{"line":53,"column":2},"end":{"line":68,"column":null}},"27":{"start":{"line":54,"column":20},"end":{"line":54,"column":33}},"28":{"start":{"line":56,"column":4},"end":{"line":61,"column":null}},"29":{"start":{"line":57,"column":6},"end":{"line":57,"column":null}},"30":{"start":{"line":58,"column":6},"end":{"line":58,"column":null}},"31":{"start":{"line":60,"column":6},"end":{"line":60,"column":null}},"32":{"start":{"line":63,"column":4},"end":{"line":63,"column":null}},"33":{"start":{"line":64,"column":4},"end":{"line":64,"column":null}},"34":{"start":{"line":65,"column":4},"end":{"line":65,"column":null}},"35":{"start":{"line":67,"column":4},"end":{"line":67,"column":null}},"36":{"start":{"line":70,"column":2},"end":{"line":81,"column":null}},"37":{"start":{"line":71,"column":20},"end":{"line":71,"column":33}},"38":{"start":{"line":72,"column":4},"end":{"line":72,"column":null}},"39":{"start":{"line":74,"column":4},"end":{"line":75,"column":null}},"40":{"start":{"line":75,"column":6},"end":{"line":75,"column":null}},"41":{"start":{"line":77,"column":4},"end":{"line":77,"column":null}},"42":{"start":{"line":78,"column":4},"end":{"line":78,"column":null}},"43":{"start":{"line":80,"column":4},"end":{"line":80,"column":null}},"44":{"start":{"line":83,"column":2},"end":{"line":100,"column":null}},"45":{"start":{"line":83,"column":17},"end":{"line":83,"column":null}},"46":{"start":{"line":84,"column":17},"end":{"line":84,"column":26}},"47":{"start":{"line":85,"column":4},"end":{"line":85,"column":null}},"48":{"start":{"line":87,"column":4},"end":{"line":88,"column":null}},"49":{"start":{"line":88,"column":6},"end":{"line":88,"column":null}},"50":{"start":{"line":90,"column":4},"end":{"line":91,"column":null}},"51":{"start":{"line":91,"column":6},"end":{"line":91,"column":null}},"52":{"start":{"line":93,"column":17},"end":{"line":93,"column":53}},"53":{"start":{"line":93,"column":39},"end":{"line":93,"column":53}},"54":{"start":{"line":95,"column":20},"end":{"line":95,"column":45}},"55":{"start":{"line":96,"column":4},"end":{"line":96,"column":null}},"56":{"start":{"line":97,"column":4},"end":{"line":97,"column":null}},"57":{"start":{"line":99,"column":4},"end":{"line":99,"column":null}},"58":{"start":{"line":102,"column":2},"end":{"line":114,"column":null}},"59":{"start":{"line":103,"column":14},"end":{"line":103,"column":16}},"60":{"start":{"line":104,"column":15},"end":{"line":104,"column":24}},"61":{"start":{"line":106,"column":4},"end":{"line":111,"column":null}},"62":{"start":{"line":107,"column":6},"end":{"line":108,"column":null}},"63":{"start":{"line":108,"column":8},"end":{"line":108,"column":null}},"64":{"start":{"line":110,"column":6},"end":{"line":110,"column":null}},"65":{"start":{"line":113,"column":4},"end":{"line":113,"column":null}},"66":{"start":{"line":116,"column":2},"end":{"line":137,"column":null}},"67":{"start":{"line":117,"column":4},"end":{"line":117,"column":null}},"68":{"start":{"line":117,"column":20},"end":{"line":117,"column":null}},"69":{"start":{"line":118,"column":17},"end":{"line":118,"column":26}},"70":{"start":{"line":120,"column":4},"end":{"line":125,"column":null}},"71":{"start":{"line":121,"column":6},"end":{"line":121,"column":null}},"72":{"start":{"line":122,"column":6},"end":{"line":122,"column":null}},"73":{"start":{"line":124,"column":6},"end":{"line":124,"column":null}},"74":{"start":{"line":127,"column":24},"end":{"line":127,"column":33}},"75":{"start":{"line":128,"column":4},"end":{"line":131,"column":null}},"76":{"start":{"line":129,"column":6},"end":{"line":130,"column":null}},"77":{"start":{"line":129,"column":27},"end":{"line":129,"column":null}},"78":{"start":{"line":130,"column":11},"end":{"line":130,"column":null}},"79":{"start":{"line":133,"column":4},"end":{"line":133,"column":null}},"80":{"start":{"line":134,"column":4},"end":{"line":134,"column":null}},"81":{"start":{"line":136,"column":4},"end":{"line":136,"column":null}},"82":{"start":{"line":139,"column":2},"end":{"line":154,"column":null}},"83":{"start":{"line":140,"column":4},"end":{"line":140,"column":null}},"84":{"start":{"line":140,"column":20},"end":{"line":140,"column":null}},"85":{"start":{"line":142,"column":16},"end":{"line":142,"column":25}},"86":{"start":{"line":144,"column":4},"end":{"line":149,"column":null}},"87":{"start":{"line":145,"column":6},"end":{"line":145,"column":null}},"88":{"start":{"line":148,"column":6},"end":{"line":148,"column":null}},"89":{"start":{"line":151,"column":4},"end":{"line":151,"column":null}},"90":{"start":{"line":153,"column":4},"end":{"line":153,"column":null}},"91":{"start":{"line":156,"column":2},"end":{"line":158,"column":null}},"92":{"start":{"line":157,"column":4},"end":{"line":157,"column":null}},"93":{"start":{"line":160,"column":2},"end":{"line":162,"column":null}},"94":{"start":{"line":161,"column":4},"end":{"line":161,"column":null}},"95":{"start":{"line":161,"column":31},"end":{"line":161,"column":48}},"96":{"start":{"line":164,"column":2},"end":{"line":182,"column":null}},"97":{"start":{"line":165,"column":15},"end":{"line":165,"column":24}},"98":{"start":{"line":166,"column":15},"end":{"line":166,"column":19}},"99":{"start":{"line":167,"column":14},"end":{"line":167,"column":16}},"100":{"start":{"line":168,"column":4},"end":{"line":179,"column":null}},"101":{"start":{"line":169,"column":6},"end":{"line":176,"column":null}},"102":{"start":{"line":170,"column":8},"end":{"line":170,"column":null}},"103":{"start":{"line":170,"column":19},"end":{"line":170,"column":null}},"104":{"start":{"line":171,"column":8},"end":{"line":171,"column":null}},"105":{"start":{"line":171,"column":24},"end":{"line":171,"column":null}},"106":{"start":{"line":172,"column":8},"end":{"line":172,"column":null}},"107":{"start":{"line":173,"column":8},"end":{"line":173,"column":null}},"108":{"start":{"line":175,"column":8},"end":{"line":175,"column":null}},"109":{"start":{"line":177,"column":6},"end":{"line":177,"column":null}},"110":{"start":{"line":178,"column":6},"end":{"line":178,"column":null}},"111":{"start":{"line":181,"column":4},"end":{"line":181,"column":null}},"112":{"start":{"line":184,"column":2},"end":{"line":186,"column":null}},"113":{"start":{"line":185,"column":4},"end":{"line":185,"column":null}},"114":{"start":{"line":185,"column":31},"end":{"line":185,"column":48}},"115":{"start":{"line":188,"column":2},"end":{"line":202,"column":null}},"116":{"start":{"line":188,"column":13},"end":{"line":188,"column":null}},"117":{"start":{"line":189,"column":17},"end":{"line":189,"column":26}},"118":{"start":{"line":190,"column":4},"end":{"line":190,"column":null}},"119":{"start":{"line":192,"column":4},"end":{"line":192,"column":null}},"120":{"start":{"line":192,"column":25},"end":{"line":192,"column":null}},"121":{"start":{"line":193,"column":4},"end":{"line":193,"column":null}},"122":{"start":{"line":193,"column":18},"end":{"line":193,"column":null}},"123":{"start":{"line":195,"column":17},"end":{"line":195,"column":51}},"124":{"start":{"line":195,"column":37},"end":{"line":195,"column":51}},"125":{"start":{"line":196,"column":17},"end":{"line":196,"column":27}},"126":{"start":{"line":198,"column":4},"end":{"line":198,"column":null}},"127":{"start":{"line":199,"column":4},"end":{"line":199,"column":null}},"128":{"start":{"line":201,"column":4},"end":{"line":201,"column":null}},"129":{"start":{"line":204,"column":2},"end":{"line":209,"column":null}},"130":{"start":{"line":205,"column":4},"end":{"line":205,"column":null}},"131":{"start":{"line":206,"column":4},"end":{"line":206,"column":null}},"132":{"start":{"line":208,"column":4},"end":{"line":208,"column":null}},"133":{"start":{"line":211,"column":2},"end":{"line":227,"column":null}},"134":{"start":{"line":212,"column":15},"end":{"line":212,"column":24}},"135":{"start":{"line":213,"column":15},"end":{"line":213,"column":19}},"136":{"start":{"line":214,"column":15},"end":{"line":214,"column":19}},"137":{"start":{"line":216,"column":4},"end":{"line":221,"column":null}},"138":{"start":{"line":217,"column":6},"end":{"line":217,"column":null}},"139":{"start":{"line":218,"column":6},"end":{"line":218,"column":null}},"140":{"start":{"line":219,"column":6},"end":{"line":219,"column":null}},"141":{"start":{"line":220,"column":6},"end":{"line":220,"column":null}},"142":{"start":{"line":223,"column":4},"end":{"line":223,"column":null}},"143":{"start":{"line":224,"column":4},"end":{"line":224,"column":null}},"144":{"start":{"line":226,"column":4},"end":{"line":226,"column":null}},"145":{"start":{"line":229,"column":3},"end":{"line":232,"column":null}},"146":{"start":{"line":230,"column":13},"end":{"line":230,"column":42}},"147":{"start":{"line":230,"column":42},"end":{"line":230,"column":48}},"148":{"start":{"line":230,"column":46},"end":{"line":230,"column":48}},"149":{"start":{"line":231,"column":6},"end":{"line":231,"column":null}},"150":{"start":{"line":230,"column":48},"end":{"line":230,"column":null}},"151":{"start":{"line":233,"column":0},"end":{"line":233,"column":null}},"152":{"start":{"line":13,"column":13},"end":{"line":13,"column":29}}},"fnMap":{"0":{"name":"(anonymous_0)","decl":{"start":{"line":11,"column":19},"end":{"line":11,"column":20}},"loc":{"start":{"line":11,"column":34},"end":{"line":11,"column":40}}},"1":{"name":"(anonymous_1)","decl":{"start":{"line":13,"column":0},"end":{"line":13,"column":13}},"loc":{"start":{"line":13,"column":0},"end":{"line":233,"column":null}}},"2":{"name":"OneWayLinkedList","decl":{"start":{"line":20,"column":2},"end":{"line":20,"column":14}},"loc":{"start":{"line":20,"column":49},"end":{"line":25,"column":3}}},"3":{"name":"(anonymous_3)","decl":{"start":{"line":27,"column":2},"end":{"line":27,"column":6}},"loc":{"start":{"line":27,"column":2},"end":{"line":29,"column":3}}},"4":{"name":"(anonymous_4)","decl":{"start":{"line":31,"column":2},"end":{"line":31,"column":10}},"loc":{"start":{"line":31,"column":24},"end":{"line":33,"column":3}}},"5":{"name":"(anonymous_5)","decl":{"start":{"line":32,"column":36},"end":{"line":32,"column":37}},"loc":{"start":{"line":32,"column":37},"end":{"line":32,"column":43}}},"6":{"name":"(anonymous_6)","decl":{"start":{"line":35,"column":2},"end":{"line":35,"column":9}},"loc":{"start":{"line":35,"column":2},"end":{"line":45,"column":3}}},"7":{"name":"(anonymous_7)","decl":{"start":{"line":47,"column":2},"end":{"line":47,"column":11}},"loc":{"start":{"line":47,"column":22},"end":{"line":51,"column":3}}},"8":{"name":"(anonymous_8)","decl":{"start":{"line":48,"column":16},"end":{"line":48,"column":17}},"loc":{"start":{"line":48,"column":17},"end":{"line":48,"column":25}}},"9":{"name":"(anonymous_9)","decl":{"start":{"line":53,"column":2},"end":{"line":53,"column":6}},"loc":{"start":{"line":53,"column":13},"end":{"line":68,"column":3}}},"10":{"name":"(anonymous_10)","decl":{"start":{"line":70,"column":2},"end":{"line":70,"column":9}},"loc":{"start":{"line":70,"column":16},"end":{"line":81,"column":3}}},"11":{"name":"(anonymous_11)","decl":{"start":{"line":83,"column":2},"end":{"line":83,"column":8}},"loc":{"start":{"line":83,"column":37},"end":{"line":100,"column":3}}},"12":{"name":"(anonymous_12)","decl":{"start":{"line":93,"column":27},"end":{"line":93,"column":28}},"loc":{"start":{"line":93,"column":34},"end":{"line":93,"column":42}}},"13":{"name":"(anonymous_13)","decl":{"start":{"line":102,"column":2},"end":{"line":102,"column":6}},"loc":{"start":{"line":102,"column":23},"end":{"line":114,"column":3}}},"14":{"name":"(anonymous_14)","decl":{"start":{"line":116,"column":2},"end":{"line":116,"column":5}},"loc":{"start":{"line":116,"column":2},"end":{"line":137,"column":3}}},"15":{"name":"(anonymous_15)","decl":{"start":{"line":139,"column":2},"end":{"line":139,"column":7}},"loc":{"start":{"line":139,"column":2},"end":{"line":154,"column":3}}},"16":{"name":"(anonymous_16)","decl":{"start":{"line":156,"column":2},"end":{"line":156,"column":7}},"loc":{"start":{"line":156,"column":36},"end":{"line":158,"column":3}}},"17":{"name":"(anonymous_17)","decl":{"start":{"line":160,"column":2},"end":{"line":160,"column":10}},"loc":{"start":{"line":160,"column":17},"end":{"line":162,"column":3}}},"18":{"name":"(anonymous_18)","decl":{"start":{"line":161,"column":23},"end":{"line":161,"column":27}},"loc":{"start":{"line":161,"column":27},"end":{"line":161,"column":35}}},"19":{"name":"(anonymous_19)","decl":{"start":{"line":164,"column":2},"end":{"line":164,"column":8}},"loc":{"start":{"line":164,"column":26},"end":{"line":182,"column":3}}},"20":{"name":"(anonymous_20)","decl":{"start":{"line":184,"column":2},"end":{"line":184,"column":8}},"loc":{"start":{"line":184,"column":15},"end":{"line":186,"column":3}}},"21":{"name":"(anonymous_21)","decl":{"start":{"line":185,"column":23},"end":{"line":185,"column":27}},"loc":{"start":{"line":185,"column":27},"end":{"line":185,"column":35}}},"22":{"name":"(anonymous_22)","decl":{"start":{"line":188,"column":2},"end":{"line":188,"column":12}},"loc":{"start":{"line":188,"column":35},"end":{"line":202,"column":3}}},"23":{"name":"(anonymous_23)","decl":{"start":{"line":195,"column":27},"end":{"line":195,"column":28}},"loc":{"start":{"line":195,"column":32},"end":{"line":195,"column":38}}},"24":{"name":"(anonymous_24)","decl":{"start":{"line":204,"column":2},"end":{"line":204,"column":7}},"loc":{"start":{"line":204,"column":2},"end":{"line":209,"column":3}}},"25":{"name":"(anonymous_25)","decl":{"start":{"line":211,"column":2},"end":{"line":211,"column":9}},"loc":{"start":{"line":211,"column":2},"end":{"line":227,"column":3}}},"26":{"name":"(anonymous_26)","decl":{"start":{"line":229,"column":2},"end":{"line":229,"column":3}},"loc":{"start":{"line":229,"column":2},"end":{"line":232,"column":null}}}},"branchMap":{"0":{"loc":{"start":{"line":20,"column":14},"end":{"line":20,"column":null}},"type":"if","locations":[{"start":{"line":20,"column":14},"end":{"line":20,"column":null}},{"start":{"line":20,"column":14},"end":{"line":20,"column":null}}]},"1":{"loc":{"start":{"line":32,"column":17},"end":{"line":32,"column":47}},"type":"cond-expr","locations":[{"start":{"line":32,"column":17},"end":{"line":32,"column":47}},{"start":{"line":32,"column":50},"end":{"line":32,"column":64}}]},"2":{"loc":{"start":{"line":56,"column":4},"end":{"line":61,"column":null}},"type":"if","locations":[{"start":{"line":56,"column":4},"end":{"line":61,"column":null}},{"start":{"line":56,"column":4},"end":{"line":61,"column":null}}]},"3":{"loc":{"start":{"line":74,"column":4},"end":{"line":75,"column":null}},"type":"if","locations":[{"start":{"line":74,"column":4},"end":{"line":75,"column":null}},{"start":{"line":74,"column":4},"end":{"line":75,"column":null}}]},"4":{"loc":{"start":{"line":83,"column":17},"end":{"line":83,"column":null}},"type":"if","locations":[{"start":{"line":83,"column":17},"end":{"line":83,"column":null}},{"start":{"line":83,"column":17},"end":{"line":83,"column":null}}]},"5":{"loc":{"start":{"line":85,"column":4},"end":{"line":85,"column":9}},"type":"binary-expr","locations":[{"start":{"line":85,"column":4},"end":{"line":85,"column":9}},{"start":{"line":85,"column":14},"end":{"line":85,"column":23}}]},"6":{"loc":{"start":{"line":87,"column":4},"end":{"line":88,"column":null}},"type":"if","locations":[{"start":{"line":87,"column":4},"end":{"line":88,"column":null}},{"start":{"line":87,"column":4},"end":{"line":88,"column":null}}]},"7":{"loc":{"start":{"line":87,"column":8},"end":{"line":87,"column":23}},"type":"binary-expr","locations":[{"start":{"line":87,"column":8},"end":{"line":87,"column":23}},{"start":{"line":87,"column":27},"end":{"line":87,"column":36}}]},"8":{"loc":{"start":{"line":90,"column":4},"end":{"line":91,"column":null}},"type":"if","locations":[{"start":{"line":90,"column":4},"end":{"line":91,"column":null}},{"start":{"line":90,"column":4},"end":{"line":91,"column":null}}]},"9":{"loc":{"start":{"line":107,"column":6},"end":{"line":108,"column":null}},"type":"if","locations":[{"start":{"line":107,"column":6},"end":{"line":108,"column":null}},{"start":{"line":107,"column":6},"end":{"line":108,"column":null}}]},"10":{"loc":{"start":{"line":117,"column":4},"end":{"line":117,"column":null}},"type":"if","locations":[{"start":{"line":117,"column":4},"end":{"line":117,"column":null}},{"start":{"line":117,"column":4},"end":{"line":117,"column":null}}]},"11":{"loc":{"start":{"line":120,"column":4},"end":{"line":125,"column":null}},"type":"if","locations":[{"start":{"line":120,"column":4},"end":{"line":125,"column":null}},{"start":{"line":120,"column":4},"end":{"line":125,"column":null}}]},"12":{"loc":{"start":{"line":128,"column":14},"end":{"line":128,"column":16}},"type":"cond-expr","locations":[{"start":{"line":128,"column":14},"end":{"line":128,"column":16}},{"start":{"line":128,"column":14},"end":{"line":128,"column":20}}]},"13":{"loc":{"start":{"line":128,"column":4},"end":{"line":128,"column":16}},"type":"binary-expr","locations":[{"start":{"line":128,"column":4},"end":{"line":128,"column":16}},{"start":{"line":128,"column":14},"end":{"line":128,"column":16}}]},"14":{"loc":{"start":{"line":129,"column":6},"end":{"line":130,"column":null}},"type":"if","locations":[{"start":{"line":129,"column":6},"end":{"line":130,"column":null}},{"start":{"line":129,"column":6},"end":{"line":130,"column":null}}]},"15":{"loc":{"start":{"line":140,"column":4},"end":{"line":140,"column":null}},"type":"if","locations":[{"start":{"line":140,"column":4},"end":{"line":140,"column":null}},{"start":{"line":140,"column":4},"end":{"line":140,"column":null}}]},"16":{"loc":{"start":{"line":144,"column":4},"end":{"line":149,"column":null}},"type":"if","locations":[{"start":{"line":144,"column":4},"end":{"line":149,"column":null}},{"start":{"line":144,"column":4},"end":{"line":149,"column":null}}]},"17":{"loc":{"start":{"line":169,"column":6},"end":{"line":176,"column":null}},"type":"if","locations":[{"start":{"line":169,"column":6},"end":{"line":176,"column":null}},{"start":{"line":169,"column":6},"end":{"line":176,"column":null}}]},"18":{"loc":{"start":{"line":169,"column":10},"end":{"line":169,"column":12}},"type":"binary-expr","locations":[{"start":{"line":169,"column":10},"end":{"line":169,"column":12}},{"start":{"line":169,"column":16},"end":{"line":169,"column":37}}]},"19":{"loc":{"start":{"line":170,"column":8},"end":{"line":170,"column":null}},"type":"if","locations":[{"start":{"line":170,"column":8},"end":{"line":170,"column":null}},{"start":{"line":170,"column":8},"end":{"line":170,"column":null}}]},"20":{"loc":{"start":{"line":171,"column":8},"end":{"line":171,"column":null}},"type":"if","locations":[{"start":{"line":171,"column":8},"end":{"line":171,"column":null}},{"start":{"line":171,"column":8},"end":{"line":171,"column":null}}]},"21":{"loc":{"start":{"line":188,"column":13},"end":{"line":188,"column":null}},"type":"if","locations":[{"start":{"line":188,"column":13},"end":{"line":188,"column":null}},{"start":{"line":188,"column":13},"end":{"line":188,"column":null}}]},"22":{"loc":{"start":{"line":190,"column":4},"end":{"line":190,"column":11}},"type":"binary-expr","locations":[{"start":{"line":190,"column":4},"end":{"line":190,"column":11}},{"start":{"line":190,"column":16},"end":{"line":190,"column":27}}]},"23":{"loc":{"start":{"line":192,"column":4},"end":{"line":192,"column":null}},"type":"if","locations":[{"start":{"line":192,"column":4},"end":{"line":192,"column":null}},{"start":{"line":192,"column":4},"end":{"line":192,"column":null}}]},"24":{"loc":{"start":{"line":193,"column":4},"end":{"line":193,"column":null}},"type":"if","locations":[{"start":{"line":193,"column":4},"end":{"line":193,"column":null}},{"start":{"line":193,"column":4},"end":{"line":193,"column":null}}]},"25":{"loc":{"start":{"line":230,"column":42},"end":{"line":230,"column":48}},"type":"if","locations":[{"start":{"line":230,"column":42},"end":{"line":230,"column":48}},{"start":{"line":230,"column":42},"end":{"line":230,"column":48}}]}},"s":{"0":1,"1":1,"2":0,"3":1,"4":80,"5":40,"6":40,"7":40,"8":40,"9":1,"10":21,"11":1,"12":2,"13":3,"14":1,"15":4,"16":4,"17":4,"18":13,"19":13,"20":4,"21":1,"22":2,"23":2,"24":6,"25":2,"26":1,"27":79,"28":79,"29":33,"30":33,"31":33,"32":46,"33":46,"34":46,"35":46,"36":1,"37":7,"38":7,"39":7,"40":3,"41":7,"42":7,"43":7,"44":1,"45":23,"46":14,"47":14,"48":14,"49":10,"50":4,"51":2,"52":2,"53":3,"54":2,"55":2,"56":2,"57":2,"58":1,"59":9,"60":9,"61":9,"62":13,"63":7,"64":6,"65":2,"66":1,"67":10,"68":3,"69":7,"70":7,"71":3,"72":3,"73":3,"74":4,"75":4,"76":6,"77":4,"78":2,"79":4,"80":4,"81":4,"82":1,"83":8,"84":1,"85":7,"86":7,"87":5,"88":2,"89":7,"90":7,"91":1,"92":1,"93":1,"94":3,"95":5,"96":1,"97":4,"98":4,"99":4,"100":4,"101":5,"102":3,"103":1,"104":2,"105":1,"106":2,"107":2,"108":2,"109":2,"110":2,"111":1,"112":1,"113":4,"114":5,"115":1,"116":7,"117":7,"118":7,"119":7,"120":4,"121":3,"122":1,"123":2,"124":2,"125":2,"126":2,"127":2,"128":2,"129":1,"130":1,"131":1,"132":1,"133":1,"134":1,"135":1,"136":1,"137":1,"138":3,"139":3,"140":3,"141":3,"142":1,"143":1,"144":1,"145":1,"146":1,"147":4,"148":1,"149":6,"150":3,"151":1,"152":1},"f":{"0":0,"1":1,"2":40,"3":21,"4":2,"5":3,"6":4,"7":2,"8":6,"9":79,"10":7,"11":14,"12":3,"13":9,"14":10,"15":8,"16":1,"17":3,"18":5,"19":4,"20":4,"21":5,"22":7,"23":2,"24":1,"25":1,"26":1},"b":{"0":[40,0],"1":[1,1],"2":[33,46],"3":[3,4],"4":[9,5],"5":[14,2],"6":[10,4],"7":[14,14],"8":[2,2],"9":[7,6],"10":[3,7],"11":[3,4],"12":[0,10],"13":[10,10],"14":[4,2],"15":[1,7],"16":[5,2],"17":[3,2],"18":[5,5],"19":[1,2],"20":[1,1],"21":[0,7],"22":[7,2],"23":[4,3],"24":[1,2],"25":[1,3]}}
}
