TN:
SF:/Users/bobi/Study/dsaa/src/index.ts
FNF:0
FNH:0
DA:2,2
DA:3,2
LF:2
LH:2
BRF:0
BRH:0
end_of_record
TN:
SF:/Users/bobi/Study/dsaa/src/data-structure/linked-list/index.ts
FNF:0
FNH:0
DA:1,2
DA:2,2
LF:2
LH:2
BRF:0
BRH:0
end_of_record
TN:
SF:/Users/bobi/Study/dsaa/src/data-structure/linked-list/linked-list-node.ts
FN:3,(anonymous_0)
FN:9,LinkedListNode
FN:16,(anonymous_2)
FNF:3
FNH:3
FNDA:2,(anonymous_0)
FNDA:91,LinkedListNode
FNDA:91,(anonymous_2)
DA:3,2
DA:9,181
DA:10,91
DA:11,91
DA:12,91
DA:14,2
DA:16,91
LF:7
LH:7
BRDA:9,0,0,88
BRDA:9,0,1,3
BRDA:9,1,0,90
BRDA:9,1,1,1
BRF:4
BRH:4
end_of_record
TN:
SF:/Users/bobi/Study/dsaa/src/data-structure/linked-list/one-way-linked-list.ts
FN:11,(anonymous_0)
FN:13,(anonymous_1)
FN:20,OneWayLinkedList
FN:27,(anonymous_3)
FN:31,(anonymous_4)
FN:32,(anonymous_5)
FN:35,(anonymous_6)
FN:47,(anonymous_7)
FN:48,(anonymous_8)
FN:53,(anonymous_9)
FN:70,(anonymous_10)
FN:83,(anonymous_11)
FN:93,(anonymous_12)
FN:102,(anonymous_13)
FN:116,(anonymous_14)
FN:139,(anonymous_15)
FN:156,(anonymous_16)
FN:160,(anonymous_17)
FN:161,(anonymous_18)
FN:164,(anonymous_19)
FN:184,(anonymous_20)
FN:185,(anonymous_21)
FN:188,(anonymous_22)
FN:195,(anonymous_23)
FN:204,(anonymous_24)
FN:211,(anonymous_25)
FN:229,(anonymous_26)
FNF:27
FNH:26
FNDA:0,(anonymous_0)
FNDA:2,(anonymous_1)
FNDA:40,OneWayLinkedList
FNDA:21,(anonymous_3)
FNDA:2,(anonymous_4)
FNDA:3,(anonymous_5)
FNDA:4,(anonymous_6)
FNDA:2,(anonymous_7)
FNDA:6,(anonymous_8)
FNDA:79,(anonymous_9)
FNDA:7,(anonymous_10)
FNDA:14,(anonymous_11)
FNDA:3,(anonymous_12)
FNDA:9,(anonymous_13)
FNDA:10,(anonymous_14)
FNDA:8,(anonymous_15)
FNDA:1,(anonymous_16)
FNDA:3,(anonymous_17)
FNDA:5,(anonymous_18)
FNDA:4,(anonymous_19)
FNDA:4,(anonymous_20)
FNDA:5,(anonymous_21)
FNDA:7,(anonymous_22)
FNDA:2,(anonymous_23)
FNDA:1,(anonymous_24)
FNDA:1,(anonymous_25)
FNDA:1,(anonymous_26)
DA:1,2
DA:11,2
DA:13,2
DA:20,80
DA:21,40
DA:22,40
DA:23,40
DA:24,40
DA:27,2
DA:28,21
DA:31,2
DA:32,3
DA:35,2
DA:36,4
DA:37,4
DA:39,4
DA:40,13
DA:41,13
DA:44,4
DA:47,2
DA:48,6
DA:50,2
DA:53,2
DA:54,79
DA:56,79
DA:57,33
DA:58,33
DA:60,33
DA:63,46
DA:64,46
DA:65,46
DA:67,46
DA:70,2
DA:71,7
DA:72,7
DA:74,7
DA:75,3
DA:77,7
DA:78,7
DA:80,7
DA:83,23
DA:84,14
DA:85,14
DA:87,14
DA:88,10
DA:90,4
DA:91,2
DA:93,3
DA:95,2
DA:96,2
DA:97,2
DA:99,2
DA:102,2
DA:103,9
DA:104,9
DA:106,9
DA:107,13
DA:108,7
DA:110,6
DA:113,2
DA:116,2
DA:117,10
DA:118,7
DA:120,7
DA:121,3
DA:122,3
DA:124,3
DA:127,4
DA:128,4
DA:129,6
DA:130,2
DA:133,4
DA:134,4
DA:136,4
DA:139,2
DA:140,8
DA:142,7
DA:144,7
DA:145,5
DA:148,2
DA:151,7
DA:153,7
DA:156,2
DA:157,1
DA:160,2
DA:161,5
DA:164,2
DA:165,4
DA:166,4
DA:167,4
DA:168,4
DA:169,5
DA:170,3
DA:171,2
DA:172,2
DA:173,2
DA:175,2
DA:177,2
DA:178,2
DA:181,1
DA:184,2
DA:185,5
DA:188,7
DA:189,7
DA:190,7
DA:192,7
DA:193,3
DA:195,2
DA:196,2
DA:198,2
DA:199,2
DA:201,2
DA:204,2
DA:205,1
DA:206,1
DA:208,1
DA:211,2
DA:212,1
DA:213,1
DA:214,1
DA:216,1
DA:217,3
DA:218,3
DA:219,3
DA:220,3
DA:223,1
DA:224,1
DA:226,1
DA:229,2
DA:230,4
DA:231,6
DA:233,2
LF:132
LH:132
BRDA:20,0,0,40
BRDA:20,0,1,0
BRDA:32,1,0,1
BRDA:32,1,1,1
BRDA:56,2,0,33
BRDA:56,2,1,46
BRDA:74,3,0,3
BRDA:74,3,1,4
BRDA:83,4,0,9
BRDA:83,4,1,5
BRDA:85,5,0,14
BRDA:85,5,1,2
BRDA:87,6,0,10
BRDA:87,6,1,4
BRDA:87,7,0,14
BRDA:87,7,1,14
BRDA:90,8,0,2
BRDA:90,8,1,2
BRDA:107,9,0,7
BRDA:107,9,1,6
BRDA:117,10,0,3
BRDA:117,10,1,7
BRDA:120,11,0,3
BRDA:120,11,1,4
BRDA:128,12,0,0
BRDA:128,12,1,10
BRDA:128,13,0,10
BRDA:128,13,1,10
BRDA:129,14,0,4
BRDA:129,14,1,2
BRDA:140,15,0,1
BRDA:140,15,1,7
BRDA:144,16,0,5
BRDA:144,16,1,2
BRDA:169,17,0,3
BRDA:169,17,1,2
BRDA:169,18,0,5
BRDA:169,18,1,5
BRDA:170,19,0,1
BRDA:170,19,1,2
BRDA:171,20,0,1
BRDA:171,20,1,1
BRDA:188,21,0,0
BRDA:188,21,1,7
BRDA:190,22,0,7
BRDA:190,22,1,2
BRDA:192,23,0,4
BRDA:192,23,1,3
BRDA:193,24,0,1
BRDA:193,24,1,2
BRDA:230,25,0,1
BRDA:230,25,1,3
BRF:52
BRH:49
end_of_record
TN:
SF:/Users/bobi/Study/dsaa/src/data-structure/queue/circle-queue.ts
FN:1,(anonymous_0)
FN:10,CircleQueue
FN:13,(anonymous_2)
FN:19,(anonymous_3)
FN:23,(anonymous_4)
FN:27,(anonymous_5)
FN:31,(anonymous_6)
FN:39,(anonymous_7)
FN:47,(anonymous_8)
FNF:9
FNH:9
FNDA:2,(anonymous_0)
FNDA:1,CircleQueue
FNDA:5,(anonymous_2)
FNDA:13,(anonymous_3)
FNDA:22,(anonymous_4)
FNDA:21,(anonymous_5)
FNDA:7,(anonymous_6)
FNDA:6,(anonymous_7)
FNDA:1,(anonymous_8)
DA:1,2
DA:10,2
DA:11,1
DA:12,1
DA:13,5
DA:15,1
DA:16,1
DA:19,2
DA:20,13
DA:23,2
DA:24,22
DA:27,2
DA:28,21
DA:31,2
DA:32,7
DA:33,6
DA:34,6
DA:35,6
DA:36,6
DA:39,2
DA:40,6
DA:41,5
DA:42,5
DA:43,5
DA:44,5
DA:47,2
DA:48,1
DA:49,1
DA:50,1
DA:52,2
LF:30
LH:30
BRDA:10,0,0,0
BRDA:10,0,1,1
BRDA:10,1,0,1
BRDA:10,1,1,0
BRDA:32,2,0,1
BRDA:32,2,1,6
BRDA:40,3,0,1
BRDA:40,3,1,5
BRF:8
BRH:6
end_of_record
TN:
SF:/Users/bobi/Study/dsaa/src/data-structure/queue/index.ts
FNF:0
FNH:0
DA:1,2
LF:1
LH:1
BRF:0
BRH:0
end_of_record
